example/build/app/intermediates/manifest_merge_blame_file/debug/manifest-merger-blame-debug-report.txt
1<?xml version="1.0" encoding="utf-8"?>
2<manifest xmlns:android="http://schemas.android.com/apk/res/android"
3    package="cachet.plugins.example_app"
4    android:versionCode="1"
5    android:versionName="4.5.0" >
6
7    <uses-sdk
8        android:minSdkVersion="26"
9        android:targetSdkVersion="34" />
10    <!--
11         Flutter needs it to communicate with the running application
12         to allow setting breakpoints, to provide hot reload, etc.
13    -->
14    <uses-permission android:name="android.permission.INTERNET" />
14-->src/debug/AndroidManifest.xml:6:5-66
14-->src/debug/AndroidManifest.xml:6:22-64
15    <!-- Check whether Health Connect is installed or not -->
16    <queries>
16-->src/main/AndroidManifest.xml:5:5-10:15
17        <package android:name="com.google.android.apps.healthdata" />
17-->src/main/AndroidManifest.xml:6:9-70
17-->src/main/AndroidManifest.xml:6:18-67
18
19        <intent>
19-->src/main/AndroidManifest.xml:7:9-9:18
20            <action android:name="androidx.health.ACTION_SHOW_PERMISSIONS_RATIONALE" />
20-->src/main/AndroidManifest.xml:8:13-88
20-->src/main/AndroidManifest.xml:8:21-85
21        </intent>
22    </queries>
23    <!--
24 io.flutter.app.FlutterApplication is an android.app.Application that
25         calls FlutterMain.startInitialization(this); in its onCreate method.
26         In most cases you can leave this as-is, but you if you want to provide
27         additional functionality it is fine to subclass or reimplement
28         FlutterApplication and put your custom class here.
29    -->
30    <uses-permission android:name="android.permission.ACTIVITY_RECOGNITION" />
30-->src/main/AndroidManifest.xml:17:5-78
30-->src/main/AndroidManifest.xml:17:22-76
31    <uses-permission android:name="android.permission.ACCESS_COARSE_LOCATION" />
31-->src/main/AndroidManifest.xml:18:5-80
31-->src/main/AndroidManifest.xml:18:22-78
32    <uses-permission android:name="android.permission.ACCESS_FINE_LOCATION" /> <!-- Permissions for new android API (Health Connect) -->
32-->src/main/AndroidManifest.xml:19:5-78
32-->src/main/AndroidManifest.xml:19:22-76
33    <uses-permission android:name="android.permission.health.READ_STEPS" />
33-->src/main/AndroidManifest.xml:21:5-75
33-->src/main/AndroidManifest.xml:21:22-73
34    <uses-permission android:name="android.permission.health.WRITE_STEPS" />
34-->src/main/AndroidManifest.xml:22:5-76
34-->src/main/AndroidManifest.xml:22:22-74
35    <uses-permission android:name="android.permission.health.READ_WEIGHT" />
35-->src/main/AndroidManifest.xml:23:5-76
35-->src/main/AndroidManifest.xml:23:22-74
36    <uses-permission android:name="android.permission.health.WRITE_WEIGHT" />
36-->src/main/AndroidManifest.xml:24:5-77
36-->src/main/AndroidManifest.xml:24:22-75
37    <uses-permission android:name="android.permission.health.READ_HEIGHT" />
37-->src/main/AndroidManifest.xml:25:5-76
37-->src/main/AndroidManifest.xml:25:22-74
38    <uses-permission android:name="android.permission.health.WRITE_HEIGHT" />
38-->src/main/AndroidManifest.xml:26:5-77
38-->src/main/AndroidManifest.xml:26:22-75
39    <uses-permission android:name="android.permission.health.READ_HEART_RATE" />
39-->src/main/AndroidManifest.xml:27:5-80
39-->src/main/AndroidManifest.xml:27:22-78
40    <uses-permission android:name="android.permission.health.WRITE_HEART_RATE" />
40-->src/main/AndroidManifest.xml:28:5-81
40-->src/main/AndroidManifest.xml:28:22-79
41    <uses-permission android:name="android.permission.health.READ_EXERCISE" />
41-->src/main/AndroidManifest.xml:29:5-78
41-->src/main/AndroidManifest.xml:29:22-76
42    <uses-permission android:name="android.permission.health.WRITE_EXERCISE" />
42-->src/main/AndroidManifest.xml:30:5-79
42-->src/main/AndroidManifest.xml:30:22-77
43    <uses-permission android:name="android.permission.health.READ_SLEEP" />
43-->src/main/AndroidManifest.xml:31:5-75
43-->src/main/AndroidManifest.xml:31:22-73
44    <uses-permission android:name="android.permission.health.WRITE_SLEEP" />
44-->src/main/AndroidManifest.xml:32:5-76
44-->src/main/AndroidManifest.xml:32:22-74
45    <uses-permission android:name="android.permission.health.READ_SPEED" />
45-->src/main/AndroidManifest.xml:33:5-75
45-->src/main/AndroidManifest.xml:33:22-73
46    <uses-permission android:name="android.permission.health.WRITE_SPEED" />
46-->src/main/AndroidManifest.xml:34:5-76
46-->src/main/AndroidManifest.xml:34:22-74
47    <uses-permission android:name="android.permission.health.READ_DISTANCE" />
47-->src/main/AndroidManifest.xml:35:5-78
47-->src/main/AndroidManifest.xml:35:22-76
48    <uses-permission android:name="android.permission.health.WRITE_DISTANCE" />
48-->src/main/AndroidManifest.xml:36:5-79
48-->src/main/AndroidManifest.xml:36:22-77
49    <uses-permission android:name="android.permission.health.READ_TOTAL_CALORIES_BURNED" />
49-->src/main/AndroidManifest.xml:37:5-91
49-->src/main/AndroidManifest.xml:37:22-89
50    <uses-permission android:name="android.permission.health.WRITE_TOTAL_CALORIES_BURNED" />
50-->src/main/AndroidManifest.xml:38:5-92
50-->src/main/AndroidManifest.xml:38:22-90
51    <uses-permission android:name="android.permission.health.READ_ACTIVE_CALORIES_BURNED" />
51-->src/main/AndroidManifest.xml:39:5-92
51-->src/main/AndroidManifest.xml:39:22-90
52    <uses-permission android:name="android.permission.health.WRITE_ACTIVE_CALORIES_BURNED" />
52-->src/main/AndroidManifest.xml:40:5-93
52-->src/main/AndroidManifest.xml:40:22-91
53    <uses-permission android:name="android.permission.health.READ_BLOOD_GLUCOSE" />
53-->src/main/AndroidManifest.xml:41:5-83
53-->src/main/AndroidManifest.xml:41:22-81
54    <uses-permission android:name="android.permission.health.WRITE_BLOOD_GLUCOSE" />
54-->src/main/AndroidManifest.xml:42:5-84
54-->src/main/AndroidManifest.xml:42:22-82
55    <uses-permission android:name="android.permission.health.READ_BLOOD_PRESSURE" />
55-->src/main/AndroidManifest.xml:43:5-84
55-->src/main/AndroidManifest.xml:43:22-82
56    <uses-permission android:name="android.permission.health.WRITE_BLOOD_PRESSURE" />
56-->src/main/AndroidManifest.xml:44:5-85
56-->src/main/AndroidManifest.xml:44:22-83
57    <uses-permission android:name="android.permission.health.READ_BODY_FAT" />
57-->src/main/AndroidManifest.xml:45:5-78
57-->src/main/AndroidManifest.xml:45:22-76
58    <uses-permission android:name="android.permission.health.WRITE_BODY_FAT" />
58-->src/main/AndroidManifest.xml:46:5-79
58-->src/main/AndroidManifest.xml:46:22-77
59    <uses-permission android:name="android.permission.health.READ_BODY_TEMPERATURE" />
59-->src/main/AndroidManifest.xml:47:5-86
59-->src/main/AndroidManifest.xml:47:22-84
60    <uses-permission android:name="android.permission.health.WRITE_BODY_TEMPERATURE" />
60-->src/main/AndroidManifest.xml:48:5-87
60-->src/main/AndroidManifest.xml:48:22-85
61    <uses-permission android:name="android.permission.health.READ_OXYGEN_SATURATION" />
61-->src/main/AndroidManifest.xml:49:5-87
61-->src/main/AndroidManifest.xml:49:22-85
62    <uses-permission android:name="android.permission.health.WRITE_OXYGEN_SATURATION" />
62-->src/main/AndroidManifest.xml:50:5-88
62-->src/main/AndroidManifest.xml:50:22-86
63    <uses-permission android:name="android.permission.health.READ_HYDRATION" />
63-->src/main/AndroidManifest.xml:51:5-79
63-->src/main/AndroidManifest.xml:51:22-77
64    <uses-permission android:name="android.permission.health.WRITE_HYDRATION" />
64-->src/main/AndroidManifest.xml:52:5-80
64-->src/main/AndroidManifest.xml:52:22-78
65    <uses-permission android:name="android.permission.health.READ_RESTING_HEART_RATE" />
65-->src/main/AndroidManifest.xml:53:5-88
65-->src/main/AndroidManifest.xml:53:22-86
66    <uses-permission android:name="android.permission.health.WRITE_RESTING_HEART_RATE" />
66-->src/main/AndroidManifest.xml:54:5-89
66-->src/main/AndroidManifest.xml:54:22-87
67    <uses-permission android:name="android.permission.health.WRITE_FLOORS_CLIMBED" />
67-->src/main/AndroidManifest.xml:55:5-85
67-->src/main/AndroidManifest.xml:55:22-83
68    <uses-permission android:name="android.permission.health.READ_FLOORS_CLIMBED" />
68-->src/main/AndroidManifest.xml:56:5-84
68-->src/main/AndroidManifest.xml:56:22-82
69    <uses-permission android:name="android.permission.health.WRITE_BASAL_METABOLIC_RATE" />
69-->src/main/AndroidManifest.xml:57:5-91
69-->src/main/AndroidManifest.xml:57:22-89
70    <uses-permission android:name="android.permission.health.READ_BASAL_METABOLIC_RATE" />
70-->src/main/AndroidManifest.xml:58:5-90
70-->src/main/AndroidManifest.xml:58:22-88
71    <uses-permission android:name="android.permission.health.READ_RESPIRATORY_RATE" />
71-->src/main/AndroidManifest.xml:59:5-86
71-->src/main/AndroidManifest.xml:59:22-84
72    <uses-permission android:name="android.permission.health.WRITE_RESPIRATORY_RATE" />
72-->src/main/AndroidManifest.xml:60:5-87
72-->src/main/AndroidManifest.xml:60:22-85
73    <uses-permission android:name="android.permission.health.WRITE_NUTRITION" />
73-->src/main/AndroidManifest.xml:61:5-80
73-->src/main/AndroidManifest.xml:61:22-78
74    <uses-permission android:name="android.permission.health.READ_NUTRITION" />
74-->src/main/AndroidManifest.xml:62:5-79
74-->src/main/AndroidManifest.xml:62:22-77
75    <uses-permission android:name="android.permission.health.READ_HEART_RATE_VARIABILITY" />
75-->src/main/AndroidManifest.xml:63:5-92
75-->src/main/AndroidManifest.xml:63:22-90
76    <uses-permission android:name="android.permission.health.WRITE_HEART_RATE_VARIABILITY" />
76-->src/main/AndroidManifest.xml:64:5-93
76-->src/main/AndroidManifest.xml:64:22-91
77    <uses-permission android:name="android.permission.health.BODY_SENSORS" />
77-->src/main/AndroidManifest.xml:65:5-77
77-->src/main/AndroidManifest.xml:65:22-75
78    <uses-permission android:name="android.permission.health.READ_MENSTRUATION" />
78-->src/main/AndroidManifest.xml:66:5-82
78-->src/main/AndroidManifest.xml:66:22-80
79    <uses-permission android:name="android.permission.health.WRITE_MENSTRUATION" />
79-->src/main/AndroidManifest.xml:67:5-83
79-->src/main/AndroidManifest.xml:67:22-81
80
81    <permission
81-->[androidx.core:core:1.12.0] AndroidManifest.xml:22:5-24:47
82        android:name="cachet.plugins.example_app.DYNAMIC_RECEIVER_NOT_EXPORTED_PERMISSION"
82-->[androidx.core:core:1.12.0] AndroidManifest.xml:23:9-81
83        android:protectionLevel="signature" />
83-->[androidx.core:core:1.12.0] AndroidManifest.xml:24:9-44
84
85    <uses-permission android:name="cachet.plugins.example_app.DYNAMIC_RECEIVER_NOT_EXPORTED_PERMISSION" />
85-->[androidx.core:core:1.12.0] AndroidManifest.xml:26:5-97
85-->[androidx.core:core:1.12.0] AndroidManifest.xml:26:22-94
86
87    <application
87-->src/main/AndroidManifest.xml:69:5-103:19
88        android:appComponentFactory="androidx.core.app.CoreComponentFactory"
88-->[androidx.core:core:1.12.0] AndroidManifest.xml:28:18-86
89        android:debuggable="true"
90        android:extractNativeLibs="false"
91        android:icon="@mipmap/ic_launcher"
91-->src/main/AndroidManifest.xml:70:9-43
92        android:label="health_example" >
92-->src/main/AndroidManifest.xml:69:18-48
93        <activity
93-->src/main/AndroidManifest.xml:71:9-90:20
94            android:name="cachet.plugins.example_app.MainActivity"
94-->src/main/AndroidManifest.xml:71:19-47
95            android:configChanges="orientation|keyboardHidden|keyboard|screenSize|locale|layoutDirection|fontScale|screenLayout|density|uiMode"
95-->src/main/AndroidManifest.xml:74:13-144
96            android:exported="true"
96-->src/main/AndroidManifest.xml:76:13-36
97            android:hardwareAccelerated="true"
97-->src/main/AndroidManifest.xml:75:13-47
98            android:launchMode="singleTop"
98-->src/main/AndroidManifest.xml:72:13-43
99            android:theme="@style/LaunchTheme"
99-->src/main/AndroidManifest.xml:73:13-47
100            android:windowSoftInputMode="adjustResize" >
100-->src/main/AndroidManifest.xml:77:13-55
101
102            <!-- Theme to apply as soon as Flutter begins rendering frames -->
103            <meta-data
103-->src/main/AndroidManifest.xml:79:13-80:57
104                android:name="io.flutter.embedding.android.NormalTheme"
104-->src/main/AndroidManifest.xml:79:24-79
105                android:resource="@style/NormalTheme" />
105-->src/main/AndroidManifest.xml:80:17-54
106
107            <intent-filter>
107-->src/main/AndroidManifest.xml:81:13-84:29
108                <action android:name="android.intent.action.MAIN" />
108-->src/main/AndroidManifest.xml:82:17-68
108-->src/main/AndroidManifest.xml:82:25-66
109
110                <category android:name="android.intent.category.LAUNCHER" />
110-->src/main/AndroidManifest.xml:83:17-76
110-->src/main/AndroidManifest.xml:83:27-74
111            </intent-filter>
112
113            <!-- Intention to show Permissions screen for Health Connect API -->
114            <intent-filter>
114-->src/main/AndroidManifest.xml:87:13-89:29
115                <action android:name="androidx.health.ACTION_SHOW_PERMISSIONS_RATIONALE" />
115-->src/main/AndroidManifest.xml:8:13-88
115-->src/main/AndroidManifest.xml:8:21-85
116            </intent-filter>
117        </activity>
118
119        <activity-alias
119-->src/main/AndroidManifest.xml:91:9-100:26
120            android:name="cachet.plugins.example_app.ViewPermissionUsageActivity"
120-->src/main/AndroidManifest.xml:92:13-55
121            android:exported="true"
121-->src/main/AndroidManifest.xml:93:13-36
122            android:permission="android.permission.START_VIEW_PERMISSION_USAGE"
122-->src/main/AndroidManifest.xml:95:13-80
123            android:targetActivity="cachet.plugins.example_app.MainActivity" >
123-->src/main/AndroidManifest.xml:94:13-51
124            <intent-filter>
124-->src/main/AndroidManifest.xml:96:13-99:29
125                <action android:name="android.intent.action.VIEW_PERMISSION_USAGE" />
125-->src/main/AndroidManifest.xml:97:17-86
125-->src/main/AndroidManifest.xml:97:25-83
126
127                <category android:name="android.intent.category.HEALTH_PERMISSIONS" />
127-->src/main/AndroidManifest.xml:98:17-87
127-->src/main/AndroidManifest.xml:98:27-84
128            </intent-filter>
129        </activity-alias>
130
131        <meta-data
131-->src/main/AndroidManifest.xml:101:9-102:32
132            android:name="flutterEmbedding"
132-->src/main/AndroidManifest.xml:101:20-51
133            android:value="2" />
133-->src/main/AndroidManifest.xml:102:13-30
134
135        <service
135-->[androidx.health.connect:connect-client:1.1.0-alpha07] AndroidManifest.xml:24:9-32:19
136            android:name="androidx.health.platform.client.impl.sdkservice.HealthDataSdkService"
136-->[androidx.health.connect:connect-client:1.1.0-alpha07] AndroidManifest.xml:25:13-96
137            android:enabled="true"
137-->[androidx.health.connect:connect-client:1.1.0-alpha07] AndroidManifest.xml:26:13-35
138            android:exported="true" >
138-->[androidx.health.connect:connect-client:1.1.0-alpha07] AndroidManifest.xml:27:13-36
139            <intent-filter>
139-->[androidx.health.connect:connect-client:1.1.0-alpha07] AndroidManifest.xml:29:13-31:29
140                <action android:name="androidx.health.platform.client.ACTION_BIND_SDK_SERVICE" />
140-->[androidx.health.connect:connect-client:1.1.0-alpha07] AndroidManifest.xml:30:17-98
140-->[androidx.health.connect:connect-client:1.1.0-alpha07] AndroidManifest.xml:30:25-95
141            </intent-filter>
142        </service>
143
144        <uses-library
144-->[androidx.window:window:1.0.0-beta04] AndroidManifest.xml:25:9-27:40
145            android:name="androidx.window.extensions"
145-->[androidx.window:window:1.0.0-beta04] AndroidManifest.xml:26:13-54
146            android:required="false" />
146-->[androidx.window:window:1.0.0-beta04] AndroidManifest.xml:27:13-37
147        <uses-library
147-->[androidx.window:window:1.0.0-beta04] AndroidManifest.xml:28:9-30:40
148            android:name="androidx.window.sidecar"
148-->[androidx.window:window:1.0.0-beta04] AndroidManifest.xml:29:13-51
149            android:required="false" />
149-->[androidx.window:window:1.0.0-beta04] AndroidManifest.xml:30:13-37
150
151        <provider
151-->[androidx.profileinstaller:profileinstaller:1.3.0] AndroidManifest.xml:24:9-32:20
152            android:name="androidx.startup.InitializationProvider"
152-->[androidx.profileinstaller:profileinstaller:1.3.0] AndroidManifest.xml:25:13-67
153            android:authorities="cachet.plugins.example_app.androidx-startup"
153-->[androidx.profileinstaller:profileinstaller:1.3.0] AndroidManifest.xml:26:13-68
154            android:exported="false" >
154-->[androidx.profileinstaller:profileinstaller:1.3.0] AndroidManifest.xml:27:13-37
155            <meta-data
155-->[androidx.profileinstaller:profileinstaller:1.3.0] AndroidManifest.xml:29:13-31:52
156                android:name="androidx.profileinstaller.ProfileInstallerInitializer"
156-->[androidx.profileinstaller:profileinstaller:1.3.0] AndroidManifest.xml:30:17-85
157                android:value="androidx.startup" />
157-->[androidx.profileinstaller:profileinstaller:1.3.0] AndroidManifest.xml:31:17-49
158        </provider>
159
160        <receiver
160-->[androidx.profileinstaller:profileinstaller:1.3.0] AndroidManifest.xml:34:9-52:20
161            android:name="androidx.profileinstaller.ProfileInstallReceiver"
161-->[androidx.profileinstaller:profileinstaller:1.3.0] AndroidManifest.xml:35:13-76
162            android:directBootAware="false"
162-->[androidx.profileinstaller:profileinstaller:1.3.0] AndroidManifest.xml:36:13-44
163            android:enabled="true"
163-->[androidx.profileinstaller:profileinstaller:1.3.0] AndroidManifest.xml:37:13-35
164            android:exported="true"
164-->[androidx.profileinstaller:profileinstaller:1.3.0] AndroidManifest.xml:38:13-36
165            android:permission="android.permission.DUMP" >
165-->[androidx.profileinstaller:profileinstaller:1.3.0] AndroidManifest.xml:39:13-57
166            <intent-filter>
166-->[androidx.profileinstaller:profileinstaller:1.3.0] AndroidManifest.xml:40:13-42:29
167                <action android:name="androidx.profileinstaller.action.INSTALL_PROFILE" />
167-->[androidx.profileinstaller:profileinstaller:1.3.0] AndroidManifest.xml:41:17-91
167-->[androidx.profileinstaller:profileinstaller:1.3.0] AndroidManifest.xml:41:25-88
168            </intent-filter>
169            <intent-filter>
169-->[androidx.profileinstaller:profileinstaller:1.3.0] AndroidManifest.xml:43:13-45:29
170                <action android:name="androidx.profileinstaller.action.SKIP_FILE" />
170-->[androidx.profileinstaller:profileinstaller:1.3.0] AndroidManifest.xml:44:17-85
170-->[androidx.profileinstaller:profileinstaller:1.3.0] AndroidManifest.xml:44:25-82
171            </intent-filter>
172            <intent-filter>
172-->[androidx.profileinstaller:profileinstaller:1.3.0] AndroidManifest.xml:46:13-48:29
173                <action android:name="androidx.profileinstaller.action.SAVE_PROFILE" />
173-->[androidx.profileinstaller:profileinstaller:1.3.0] AndroidManifest.xml:47:17-88
173-->[androidx.profileinstaller:profileinstaller:1.3.0] AndroidManifest.xml:47:25-85
174            </intent-filter>
175            <intent-filter>
175-->[androidx.profileinstaller:profileinstaller:1.3.0] AndroidManifest.xml:49:13-51:29
176                <action android:name="androidx.profileinstaller.action.BENCHMARK_OPERATION" />
176-->[androidx.profileinstaller:profileinstaller:1.3.0] AndroidManifest.xml:50:17-95
176-->[androidx.profileinstaller:profileinstaller:1.3.0] AndroidManifest.xml:50:25-92
177            </intent-filter>
178        </receiver>
179    </application>
180
181</manifest>